2025-11-01 18:31:08 | INFO     | src.orchestrator:run_full_pipeline - ============================================================
2025-11-01 18:31:08 | INFO     | src.orchestrator:run_full_pipeline - Starting full pipeline for lodes
2025-11-01 18:31:08 | INFO     | src.orchestrator:run_full_pipeline - SKUs: ['kelly', 'megaphone']
2025-11-01 18:31:08 | INFO     | src.orchestrator:run_full_pipeline - ============================================================
2025-11-01 18:31:08 | INFO     | src.orchestrator:scrape_products - Starting scrape for 2 products from lodes
2025-11-01 18:31:12 | INFO     | src.scrapers.base_scraper:setup_browser - Browser initialized for lodes
2025-11-01 18:31:13 | INFO     | src.scrapers.lodes_scraper:scrape_product - Scraping Lodes product: https://www.lodes.com/en/products/kelly/
2025-11-01 18:31:25 | WARNING  | src.scrapers.lodes_scraper:_extract_images - No product images found
2025-11-01 18:31:25 | INFO     | src.scrapers.lodes_scraper:scrape_product - Successfully scraped Kelly Dome, design by Andrea Tosetto, lampada a sospensione (SKU: kelly)
2025-11-01 18:31:26 | INFO     | src.orchestrator:scrape_products - ✓ Scraped: Kelly Dome, design by Andrea Tosetto, lampada a sospensione (kelly)
2025-11-01 18:31:26 | INFO     | src.scrapers.lodes_scraper:scrape_product - Scraping Lodes product: https://www.lodes.com/en/products/megaphone/
2025-11-01 18:31:30 | WARNING  | src.scrapers.lodes_scraper:_extract_images - No product images found
2025-11-01 18:31:30 | INFO     | src.scrapers.lodes_scraper:scrape_product - Successfully scraped Megaphone - Lodes (SKU: megaphone)
2025-11-01 18:31:31 | INFO     | src.orchestrator:scrape_products - ✓ Scraped: Megaphone - Lodes (megaphone)
2025-11-01 18:31:31 | INFO     | src.scrapers.base_scraper:teardown_browser - Browser closed for lodes
2025-11-01 18:31:31 | INFO     | src.orchestrator:scrape_products - Scraping complete: 2/2 products successful
2025-11-01 18:31:31 | INFO     | src.exporters.woocommerce_csv:export_to_woocommerce_csv - Exported 2 products to output\products.csv
2025-11-01 18:31:31 | INFO     | src.exporters.excel_exporter:export_to_excel - Exported 2 products to output\products.xlsx
2025-11-01 18:31:31 | INFO     | src.orchestrator:export_products - Export complete: output\products.csv and output\products.xlsx
2025-11-01 18:31:31 | INFO     | src.orchestrator:run_full_pipeline - ============================================================
2025-11-01 18:31:31 | INFO     | src.orchestrator:run_full_pipeline - Pipeline complete!
2025-11-01 18:31:31 | INFO     | src.orchestrator:run_full_pipeline - Products scraped: 2
2025-11-01 18:31:31 | INFO     | src.orchestrator:run_full_pipeline - CSV: output\products.csv
2025-11-01 18:31:31 | INFO     | src.orchestrator:run_full_pipeline - Excel: output\products.xlsx
2025-11-01 18:31:31 | INFO     | src.orchestrator:run_full_pipeline - ============================================================
2025-11-01 18:31:31 | SUCCESS  | __main__:main - Successfully scraped 2 products!
2025-11-01 18:31:31 | INFO     | __main__:main - CSV: output\products.csv
2025-11-01 18:31:31 | INFO     | __main__:main - Excel: output\products.xlsx
2025-11-01 18:48:38 | INFO     | src.orchestrator:run_full_pipeline - ============================================================
2025-11-01 18:48:38 | INFO     | src.orchestrator:run_full_pipeline - Starting full pipeline for lodes
2025-11-01 18:48:38 | INFO     | src.orchestrator:run_full_pipeline - SKUs: ['kelly']
2025-11-01 18:48:38 | INFO     | src.orchestrator:run_full_pipeline - ============================================================
2025-11-01 18:48:38 | INFO     | src.orchestrator:scrape_products - Starting scrape for 1 products from lodes
2025-11-01 18:48:39 | INFO     | src.scrapers.base_scraper:setup_browser - Browser initialized for lodes
2025-11-01 18:48:39 | INFO     | src.scrapers.lodes_scraper:scrape_product - Scraping Lodes product: https://www.lodes.com/en/products/kelly/
2025-11-01 18:48:51 | INFO     | src.scrapers.lodes_scraper:scrape_product - Successfully scraped Kelly, design by Andrea Tosetto, 2015 (SKU: kelly)
2025-11-01 18:48:52 | INFO     | src.downloaders.asset_downloader:download_image - Downloaded image: output\images\lodes\kelly\featured.jpg
2025-11-01 18:48:52 | INFO     | src.downloaders.asset_downloader:download_image - Downloaded image: output\images\lodes\kelly\01.jpg
2025-11-01 18:48:52 | INFO     | src.downloaders.asset_downloader:download_image - Downloaded image: output\images\lodes\kelly\02.jpg
2025-11-01 18:48:54 | INFO     | src.downloaders.asset_downloader:download_image - Downloaded image: output\images\lodes\kelly\03.jpg
2025-11-01 18:48:54 | INFO     | src.downloaders.asset_downloader:download_image - Downloaded image: output\images\lodes\kelly\04.jpg
2025-11-01 18:48:54 | INFO     | src.downloaders.asset_downloader:download_image - Downloaded image: output\images\lodes\kelly\05.jpg
2025-11-01 18:48:54 | INFO     | src.downloaders.asset_downloader:download_image - Downloaded image: output\images\lodes\kelly\06.jpg
2025-11-01 18:48:54 | INFO     | src.orchestrator:scrape_products - ✓ Scraped: Kelly, design by Andrea Tosetto, 2015 (kelly)
2025-11-01 18:48:54 | INFO     | src.scrapers.base_scraper:teardown_browser - Browser closed for lodes
2025-11-01 18:48:54 | INFO     | src.orchestrator:scrape_products - Scraping complete: 1/1 products successful
2025-11-01 18:48:54 | INFO     | src.exporters.woocommerce_csv:export_to_woocommerce_csv - Exported 1 products to output\products.csv
2025-11-01 18:48:55 | INFO     | src.exporters.excel_exporter:export_to_excel - Exported 1 products to output\products.xlsx
2025-11-01 18:48:55 | INFO     | src.orchestrator:export_products - Export complete: output\products.csv and output\products.xlsx
2025-11-01 18:48:55 | INFO     | src.orchestrator:run_full_pipeline - ============================================================
2025-11-01 18:48:55 | INFO     | src.orchestrator:run_full_pipeline - Pipeline complete!
2025-11-01 18:48:55 | INFO     | src.orchestrator:run_full_pipeline - Products scraped: 1
2025-11-01 18:48:55 | INFO     | src.orchestrator:run_full_pipeline - CSV: output\products.csv
2025-11-01 18:48:55 | INFO     | src.orchestrator:run_full_pipeline - Excel: output\products.xlsx
2025-11-01 18:48:55 | INFO     | src.orchestrator:run_full_pipeline - ============================================================
2025-11-01 18:48:55 | SUCCESS  | __main__:main - Successfully scraped 1 products!
2025-11-01 18:48:55 | INFO     | __main__:main - CSV: output\products.csv
2025-11-01 18:48:55 | INFO     | __main__:main - Excel: output\products.xlsx
2025-11-01 18:56:49 | INFO     | src.orchestrator:run_full_pipeline - ============================================================
2025-11-01 18:56:49 | INFO     | src.orchestrator:run_full_pipeline - Starting full pipeline for lodes
2025-11-01 18:56:49 | INFO     | src.orchestrator:run_full_pipeline - SKUs: ['kelly']
2025-11-01 18:56:49 | INFO     | src.orchestrator:run_full_pipeline - ============================================================
2025-11-01 18:56:49 | INFO     | src.orchestrator:scrape_products - Starting scrape for 1 products from lodes
2025-11-01 18:56:50 | INFO     | src.scrapers.base_scraper:setup_browser - Browser initialized for lodes
2025-11-01 18:56:50 | INFO     | src.scrapers.lodes_scraper:scrape_product - Scraping Lodes product: https://www.lodes.com/en/products/kelly/
2025-11-01 18:57:02 | INFO     | src.scrapers.lodes_scraper:scrape_product - Successfully scraped Kelly, design by Andrea Tosetto, 2015 (SKU: kelly)
2025-11-01 18:57:03 | INFO     | src.orchestrator:scrape_products - ✓ Scraped: Kelly, design by Andrea Tosetto, 2015 (kelly)
2025-11-01 18:57:03 | INFO     | src.scrapers.base_scraper:teardown_browser - Browser closed for lodes
2025-11-01 18:57:03 | INFO     | src.orchestrator:scrape_products - Scraping complete: 1/1 products successful
2025-11-01 18:57:03 | INFO     | src.exporters.woocommerce_csv:export_to_woocommerce_csv - Exported 1 products to output\products.csv
2025-11-01 18:57:04 | INFO     | src.exporters.excel_exporter:export_to_excel - Exported 1 products to output\products.xlsx
2025-11-01 18:57:04 | INFO     | src.orchestrator:export_products - Export complete: output\products.csv and output\products.xlsx
2025-11-01 18:57:04 | INFO     | src.orchestrator:run_full_pipeline - ============================================================
2025-11-01 18:57:04 | INFO     | src.orchestrator:run_full_pipeline - Pipeline complete!
2025-11-01 18:57:04 | INFO     | src.orchestrator:run_full_pipeline - Products scraped: 1
2025-11-01 18:57:04 | INFO     | src.orchestrator:run_full_pipeline - CSV: output\products.csv
2025-11-01 18:57:04 | INFO     | src.orchestrator:run_full_pipeline - Excel: output\products.xlsx
2025-11-01 18:57:04 | INFO     | src.orchestrator:run_full_pipeline - ============================================================
2025-11-01 18:57:04 | SUCCESS  | __main__:main - Successfully scraped 1 products!
2025-11-01 18:57:04 | INFO     | __main__:main - CSV: output\products.csv
2025-11-01 18:57:04 | INFO     | __main__:main - Excel: output\products.xlsx
2025-11-01 18:59:31 | INFO     | src.orchestrator:run_full_pipeline - ============================================================
2025-11-01 18:59:31 | INFO     | src.orchestrator:run_full_pipeline - Starting full pipeline for lodes
2025-11-01 18:59:31 | INFO     | src.orchestrator:run_full_pipeline - SKUs: ['kelly', 'megaphone', 'a-tube-suspension', 'shell', 'fuse', 'thor', 'arne', 'satellight', 'nostalgia', 'rain', 'liza', 'michelle', 'infinity', 'dora', 'anemone']
2025-11-01 18:59:31 | INFO     | src.orchestrator:run_full_pipeline - ============================================================
2025-11-01 18:59:31 | INFO     | src.orchestrator:scrape_products - Starting scrape for 15 products from lodes
2025-11-01 18:59:32 | INFO     | src.scrapers.base_scraper:setup_browser - Browser initialized for lodes
2025-11-01 18:59:32 | INFO     | src.scrapers.lodes_scraper:scrape_product - Scraping Lodes product: https://www.lodes.com/en/products/kelly/
2025-11-01 18:59:37 | INFO     | src.scrapers.lodes_scraper:scrape_product - Successfully scraped Kelly, design by Andrea Tosetto, 2015 (SKU: kelly)
2025-11-01 18:59:38 | INFO     | src.orchestrator:scrape_products - ✓ Scraped: Kelly, design by Andrea Tosetto, 2015 (kelly)
2025-11-01 18:59:38 | INFO     | src.scrapers.lodes_scraper:scrape_product - Scraping Lodes product: https://www.lodes.com/en/products/megaphone/
2025-11-01 18:59:41 | WARNING  | src.scrapers.lodes_scraper:_extract_description - No description found for product
2025-11-01 18:59:41 | INFO     | src.scrapers.lodes_scraper:scrape_product - Successfully scraped Megaphone - Lodes (SKU: megaphone)
2025-11-01 18:59:42 | INFO     | src.orchestrator:scrape_products - ✓ Scraped: Megaphone - Lodes (megaphone)
2025-11-01 18:59:42 | INFO     | src.scrapers.lodes_scraper:scrape_product - Scraping Lodes product: https://www.lodes.com/en/products/a-tube-suspension/
2025-11-01 18:59:51 | INFO     | src.scrapers.lodes_scraper:scrape_product - Successfully scraped A-Tube, Design by Lodes, 2013 (SKU: a-tube-suspension)
2025-11-01 18:59:52 | INFO     | src.orchestrator:scrape_products - ✓ Scraped: A-Tube, Design by Lodes, 2013 (a-tube-suspension)
2025-11-01 18:59:52 | INFO     | src.scrapers.lodes_scraper:scrape_product - Scraping Lodes product: https://www.lodes.com/en/products/shell/
2025-11-01 18:59:54 | ERROR    | src.scrapers.lodes_scraper:scrape_product - Failed to load page https://www.lodes.com/en/products/shell/: HTTP 404 error for https://www.lodes.com/en/products/shell/
2025-11-01 18:59:54 | ERROR    | src.orchestrator:scrape_products - ✗ Failed to scrape shell: HTTP 404 error for https://www.lodes.com/en/products/shell/
2025-11-01 18:59:54 | INFO     | src.scrapers.lodes_scraper:scrape_product - Scraping Lodes product: https://www.lodes.com/en/products/fuse/
2025-11-01 18:59:56 | ERROR    | src.scrapers.lodes_scraper:scrape_product - Failed to load page https://www.lodes.com/en/products/fuse/: HTTP 404 error for https://www.lodes.com/en/products/fuse/
2025-11-01 18:59:56 | ERROR    | src.orchestrator:scrape_products - ✗ Failed to scrape fuse: HTTP 404 error for https://www.lodes.com/en/products/fuse/
2025-11-01 18:59:56 | INFO     | src.scrapers.lodes_scraper:scrape_product - Scraping Lodes product: https://www.lodes.com/en/products/thor/
2025-11-01 18:59:58 | ERROR    | src.scrapers.lodes_scraper:scrape_product - Failed to load page https://www.lodes.com/en/products/thor/: HTTP 404 error for https://www.lodes.com/en/products/thor/
2025-11-01 18:59:58 | ERROR    | src.orchestrator:scrape_products - ✗ Failed to scrape thor: HTTP 404 error for https://www.lodes.com/en/products/thor/
2025-11-01 18:59:58 | INFO     | src.scrapers.lodes_scraper:scrape_product - Scraping Lodes product: https://www.lodes.com/en/products/arne/
2025-11-01 18:59:59 | ERROR    | src.scrapers.lodes_scraper:scrape_product - Failed to load page https://www.lodes.com/en/products/arne/: HTTP 404 error for https://www.lodes.com/en/products/arne/
2025-11-01 18:59:59 | ERROR    | src.orchestrator:scrape_products - ✗ Failed to scrape arne: HTTP 404 error for https://www.lodes.com/en/products/arne/
2025-11-01 18:59:59 | INFO     | src.scrapers.lodes_scraper:scrape_product - Scraping Lodes product: https://www.lodes.com/en/products/satellight/
2025-11-01 19:00:01 | ERROR    | src.scrapers.lodes_scraper:scrape_product - Failed to load page https://www.lodes.com/en/products/satellight/: HTTP 404 error for https://www.lodes.com/en/products/satellight/
2025-11-01 19:00:01 | ERROR    | src.orchestrator:scrape_products - ✗ Failed to scrape satellight: HTTP 404 error for https://www.lodes.com/en/products/satellight/
2025-11-01 19:00:01 | INFO     | src.scrapers.lodes_scraper:scrape_product - Scraping Lodes product: https://www.lodes.com/en/products/nostalgia/
2025-11-01 19:00:07 | INFO     | src.scrapers.lodes_scraper:scrape_product - Successfully scraped Nostalgia, Design by Dima Loginoff, 2015 (SKU: nostalgia)
2025-11-01 19:00:08 | INFO     | src.orchestrator:scrape_products - ✓ Scraped: Nostalgia, Design by Dima Loginoff, 2015 (nostalgia)
2025-11-01 19:00:08 | INFO     | src.scrapers.lodes_scraper:scrape_product - Scraping Lodes product: https://www.lodes.com/en/products/rain/
2025-11-01 19:00:13 | INFO     | src.scrapers.lodes_scraper:scrape_product - Successfully scraped Rain, Design by Andrea Tosetto, 2015 (SKU: rain)
2025-11-01 19:00:14 | INFO     | src.orchestrator:scrape_products - ✓ Scraped: Rain, Design by Andrea Tosetto, 2015 (rain)
2025-11-01 19:00:14 | INFO     | src.scrapers.lodes_scraper:scrape_product - Scraping Lodes product: https://www.lodes.com/en/products/liza/
2025-11-01 19:00:16 | ERROR    | src.scrapers.lodes_scraper:scrape_product - Failed to load page https://www.lodes.com/en/products/liza/: HTTP 404 error for https://www.lodes.com/en/products/liza/
2025-11-01 19:00:16 | ERROR    | src.orchestrator:scrape_products - ✗ Failed to scrape liza: HTTP 404 error for https://www.lodes.com/en/products/liza/
2025-11-01 19:00:16 | INFO     | src.scrapers.lodes_scraper:scrape_product - Scraping Lodes product: https://www.lodes.com/en/products/michelle/
2025-11-01 19:00:18 | ERROR    | src.scrapers.lodes_scraper:scrape_product - Failed to load page https://www.lodes.com/en/products/michelle/: HTTP 404 error for https://www.lodes.com/en/products/michelle/
2025-11-01 19:00:18 | ERROR    | src.orchestrator:scrape_products - ✗ Failed to scrape michelle: HTTP 404 error for https://www.lodes.com/en/products/michelle/
2025-11-01 19:00:18 | INFO     | src.scrapers.lodes_scraper:scrape_product - Scraping Lodes product: https://www.lodes.com/en/products/infinity/
2025-11-01 19:00:19 | ERROR    | src.scrapers.lodes_scraper:scrape_product - Failed to load page https://www.lodes.com/en/products/infinity/: HTTP 404 error for https://www.lodes.com/en/products/infinity/
2025-11-01 19:00:19 | ERROR    | src.orchestrator:scrape_products - ✗ Failed to scrape infinity: HTTP 404 error for https://www.lodes.com/en/products/infinity/
2025-11-01 19:00:19 | INFO     | src.scrapers.lodes_scraper:scrape_product - Scraping Lodes product: https://www.lodes.com/en/products/dora/
2025-11-01 19:00:21 | ERROR    | src.scrapers.lodes_scraper:scrape_product - Failed to load page https://www.lodes.com/en/products/dora/: HTTP 404 error for https://www.lodes.com/en/products/dora/
2025-11-01 19:00:21 | ERROR    | src.orchestrator:scrape_products - ✗ Failed to scrape dora: HTTP 404 error for https://www.lodes.com/en/products/dora/
2025-11-01 19:00:21 | INFO     | src.scrapers.lodes_scraper:scrape_product - Scraping Lodes product: https://www.lodes.com/en/products/anemone/
2025-11-01 19:00:23 | ERROR    | src.scrapers.lodes_scraper:scrape_product - Failed to load page https://www.lodes.com/en/products/anemone/: HTTP 404 error for https://www.lodes.com/en/products/anemone/
2025-11-01 19:00:23 | ERROR    | src.orchestrator:scrape_products - ✗ Failed to scrape anemone: HTTP 404 error for https://www.lodes.com/en/products/anemone/
2025-11-01 19:00:23 | INFO     | src.scrapers.base_scraper:teardown_browser - Browser closed for lodes
2025-11-01 19:00:23 | INFO     | src.orchestrator:scrape_products - Scraping complete: 5/15 products successful
2025-11-01 19:00:23 | INFO     | src.exporters.woocommerce_csv:export_to_woocommerce_csv - Exported 5 products to output\products.csv
2025-11-01 19:00:24 | INFO     | src.exporters.excel_exporter:export_to_excel - Exported 5 products to output\products.xlsx
2025-11-01 19:00:24 | INFO     | src.orchestrator:export_products - Export complete: output\products.csv and output\products.xlsx
2025-11-01 19:00:24 | INFO     | src.orchestrator:run_full_pipeline - ============================================================
2025-11-01 19:00:24 | INFO     | src.orchestrator:run_full_pipeline - Pipeline complete!
2025-11-01 19:00:24 | INFO     | src.orchestrator:run_full_pipeline - Products scraped: 5
2025-11-01 19:00:24 | INFO     | src.orchestrator:run_full_pipeline - CSV: output\products.csv
2025-11-01 19:00:24 | INFO     | src.orchestrator:run_full_pipeline - Excel: output\products.xlsx
2025-11-01 19:00:24 | INFO     | src.orchestrator:run_full_pipeline - ============================================================
2025-11-01 19:00:24 | SUCCESS  | __main__:main - Successfully scraped 5 products!
2025-11-01 19:00:24 | INFO     | __main__:main - CSV: output\products.csv
2025-11-01 19:00:24 | INFO     | __main__:main - Excel: output\products.xlsx
